[2017.02.10-15.09.05:022][  0]Log file open, 02/10/17 15:09:05
[2017.02.10-15.09.05:022][  0]LogInit:Display: Running engine for game: MyProject
[2017.02.10-15.09.05:022][  0]LogPlatformFile: Not using cached read wrapper
[2017.02.10-15.09.05:022][  0]LogInit:Display: RandInit(-390844749) SRandInit(-390844747).
[2017.02.10-15.09.05:022][  0]LogTaskGraph: Started task graph with 4 named threads and 8 total threads.
[2017.02.10-15.09.05:022][  0]LogStats: Stats thread started at 0.096305
[2017.02.10-15.09.05:022][  0]LogInit: Version: 4.10.4-2872498+++depot+UE4-Releases+4.10
[2017.02.10-15.09.05:022][  0]LogInit: API Version: 2758231
[2017.02.10-15.09.05:022][  0]LogInit: Compiled (64-bit): Feb 18 2016 15:47:04
[2017.02.10-15.09.05:022][  0]LogInit: Compiled with Visual C++: 19.00.23026.00
[2017.02.10-15.09.05:022][  0]LogInit: Build Configuration: Development
[2017.02.10-15.09.05:022][  0]LogInit: Branch Name: ++depot+UE4-Releases+4.10
[2017.02.10-15.09.05:022][  0]LogInit: Command line: -EpicPortal 
[2017.02.10-15.09.05:022][  0]LogInit: Base directory: C:/Program Files (x86)/Epic Games/4.10/Engine/Binaries/Win64/
[2017.02.10-15.09.05:022][  0]LogInit: Rocket: 1
[2017.02.10-15.09.05:028][  0]LogInit: Using libcurl 7.41.0
[2017.02.10-15.09.05:028][  0]LogInit:  - built for x86_64-pc-win32
[2017.02.10-15.09.05:028][  0]LogInit:  - supports SSL with WinSSL
[2017.02.10-15.09.05:028][  0]LogInit:  - other features:
[2017.02.10-15.09.05:028][  0]LogInit:      CURL_VERSION_SSL
[2017.02.10-15.09.05:028][  0]LogInit:      CURL_VERSION_IPV6
[2017.02.10-15.09.05:028][  0]LogInit:      CURL_VERSION_ASYNCHDNS
[2017.02.10-15.09.05:028][  0]LogInit:      CURL_VERSION_LARGEFILE
[2017.02.10-15.09.05:028][  0]LogInit:      CURL_VERSION_IDN
[2017.02.10-15.09.05:028][  0]LogInit:  CurlRequestOptions (configurable via config and command line):
[2017.02.10-15.09.05:028][  0]LogInit:  - bVerifyPeer = true  - Libcurl will verify peer certificate
[2017.02.10-15.09.05:028][  0]LogInit:  - bUseHttpProxy = false  - Libcurl will NOT use HTTP proxy
[2017.02.10-15.09.05:028][  0]LogInit:  - bDontReuseConnections = false  - Libcurl will reuse connections
[2017.02.10-15.09.05:028][  0]LogInit:  - CertBundlePath = nullptr  - Libcurl will use whatever was configured at build time.
[2017.02.10-15.09.05:034][  0]LogInit: Presizing for 0 objects not considered by GC, pre-allocating 0 bytes.
[2017.02.10-15.09.05:041][  0]LogInit: Object subsystem initialized
[2017.02.10-15.09.05:048][  0]LogInit: Selected Device Profile: [Windows]
[2017.02.10-15.09.05:048][  0]LogInit: Applying CVar settings loaded from the selected device profile: [Windows]
[2017.02.10-15.09.05:058][  0]LogInit: Computer: PC34802
[2017.02.10-15.09.05:058][  0]LogInit: User: i7621680
[2017.02.10-15.09.05:058][  0]LogInit: CPU Page size=4096, Cores=6
[2017.02.10-15.09.05:058][  0]LogInit: High frequency timer resolution =3.409794 MHz
[2017.02.10-15.09.05:058][  0]LogMemory: Memory total: Physical=31.9GB (32GB approx)
[2017.02.10-15.09.05:058][  0]LogMemory: Platform Memory Stats for Windows
[2017.02.10-15.09.05:058][  0]LogMemory: Process Physical Memory: 58.76 MB used, 58.76 MB peak
[2017.02.10-15.09.05:058][  0]LogMemory: Process Virtual Memory: 62.09 MB used, 62.09 MB peak
[2017.02.10-15.09.05:058][  0]LogMemory: Physical Memory: 8606.38 MB used, 32691.92 MB total
[2017.02.10-15.09.05:058][  0]LogMemory: Virtual Memory: 357.64 MB used, 8388608.00 MB total
[2017.02.10-15.09.05:174][  0]LogTextLocalizationManager: No specific translations for ('en-US') exist, so ('en') translations will be used.
[2017.02.10-15.09.05:602][  0]LogD3D11RHI: Found D3D11 adapter 0: NVIDIA Quadro K2000 (Feature Level 11_0)
[2017.02.10-15.09.05:602][  0]LogD3D11RHI: Adapter has 1989MB of dedicated video memory, 0MB of dedicated system memory, and 16089MB of shared system memory, 2 output[s]
[2017.02.10-15.09.05:602][  0]LogD3D11RHI: Chosen D3D11 Adapter Id = 0
[2017.02.10-15.09.05:609][  0]LogD3D11RHI: !Direct3DDevice
[2017.02.10-15.09.05:610][  0]LogRHI: Texture pool is 1361 MB (70% of 1945 MB)
[2017.02.10-15.09.05:619][  0]LogD3D11RHI: Async texture creation enabled
[2017.02.10-15.09.05:636][  0]LogShaderCompilers: Guid format shader working directory is -47 characters bigger than the processId version (../../../../../../Users/i7621680/Unreal_Group_Project/group_project/UE4_Group_Project/MyProject/Intermediate/Shaders/WorkingDirectory/13180/).
[2017.02.10-15.09.05:636][  0]LogShaderCompilers: Cleaned the shader compiler working directory 'C:/Users/i7621680/AppData/Local/Temp/UnrealShaderWorkingDir/974D039348C19DCA17DDDBBA016B1706/'.
[2017.02.10-15.09.05:636][  0]LogShaderCompilers:Display: Using Local Shader Compiler.
[2017.02.10-15.09.06:561][  0]LogTemp:Display: Loaded TP AllDesktopTargetPlatform
[2017.02.10-15.09.06:565][  0]LogTemp:Display: Loaded TP WindowsClientTargetPlatform
[2017.02.10-15.09.06:570][  0]LogTemp:Display: Loaded TP WindowsNoEditorTargetPlatform
[2017.02.10-15.09.06:574][  0]LogTemp:Display: Loaded TP WindowsServerTargetPlatform
[2017.02.10-15.09.06:578][  0]LogTemp:Display: Loaded TP WindowsTargetPlatform
[2017.02.10-15.09.06:582][  0]LogTemp:Display: Loaded TP AndroidTargetPlatform
[2017.02.10-15.09.06:585][  0]LogTemp:Display: Loaded TP Android_ASTCTargetPlatform
[2017.02.10-15.09.06:588][  0]LogTemp:Display: Loaded TP Android_ATCTargetPlatform
[2017.02.10-15.09.06:592][  0]LogTemp:Display: Loaded TP Android_DXTTargetPlatform
[2017.02.10-15.09.06:595][  0]LogTemp:Display: Loaded TP Android_ETC1TargetPlatform
[2017.02.10-15.09.06:599][  0]LogTemp:Display: Loaded TP Android_ETC2TargetPlatform
[2017.02.10-15.09.06:606][  0]LogTemp:Display: Loaded TP Android_MultiTargetPlatform
[2017.02.10-15.09.06:606][  0]LogTemp:Display: Loaded TP Android_PVRTCTargetPlatform
[2017.02.10-15.09.06:607][  0]LogTemp:Display: Loaded TP HTML5TargetPlatform
[2017.02.10-15.09.06:624][  0]LogTemp:Display: Loaded TP IOSTargetPlatform
[2017.02.10-15.09.06:627][  0]LogTemp:Display: Loaded TP LinuxNoEditorTargetPlatform
[2017.02.10-15.09.06:631][  0]LogTemp:Display: Loaded TP LinuxServerTargetPlatform
[2017.02.10-15.09.06:635][  0]LogTemp:Display: Loaded TP LinuxTargetPlatform
[2017.02.10-15.09.06:635][  0]LogTargetPlatformManager:Display: Building Assets For Windows
[2017.02.10-15.09.06:737][  0]LogDerivedDataCache:Display: Max Cache Size: 512 MB
[2017.02.10-15.09.06:796][  0]LogDerivedDataCache: Loaded boot cache 0.06s 41MB C:/Users/i7621680/AppData/Local/UnrealEngine/4.10/DerivedDataCache/Boot.ddc.
[2017.02.10-15.09.06:796][  0]LogDerivedDataCache:Display: Loaded Boot cache: C:/Users/i7621680/AppData/Local/UnrealEngine/4.10/DerivedDataCache/Boot.ddc
[2017.02.10-15.09.06:796][  0]LogDerivedDataCache: FDerivedDataBackendGraph:  Pak pak cache file ../../../../../../Users/i7621680/Unreal_Group_Project/group_project/UE4_Group_Project/MyProject/DerivedDataCache/DDC.ddp not found, will not use a pak cache.
[2017.02.10-15.09.06:796][  0]LogDerivedDataCache: Unable to find inner node Pak for hierarchical cache Hierarchy.
[2017.02.10-15.09.06:796][  0]LogDerivedDataCache: FDerivedDataBackendGraph:  CompressedPak pak cache file ../../../../../../Users/i7621680/Unreal_Group_Project/group_project/UE4_Group_Project/MyProject/DerivedDataCache/Compressed.ddp not found, will not use a pak cache.
[2017.02.10-15.09.06:796][  0]LogDerivedDataCache: Unable to find inner node CompressedPak for hierarchical cache Hierarchy.
[2017.02.10-15.09.06:850][  0]LogDerivedDataCache:Display: Pak cache opened for reading ../../../Engine/DerivedDataCache/Compressed.ddp.
[2017.02.10-15.09.06:862][  0]LogDerivedDataCache: Using Local data cache path C:/Users/i7621680/AppData/Local/UnrealEngine/Common/DerivedDataCache: Writable
[2017.02.10-15.09.07:056][  0]LogInit: Selected Device Profile: [Windows]
[2017.02.10-15.09.07:057][  0]LogContentStreaming: Texture pool size is 0.000000MB
[2017.02.10-15.09.07:117][  0]LogMeshUtilities: No automatic mesh reduction module available
[2017.02.10-15.09.07:117][  0]LogMeshUtilities: No automatic mesh merging module available
[2017.02.10-15.09.07:490][  0]LogInit: WinSock: version 1.1 (2.2), MaxSocks=32767, MaxUdp=65467
[2017.02.10-15.09.08:840][  0]UdpMessaging: Initializing bridge on interface 0.0.0.0:0 to multicast group 230.0.0.1:6666.
[2017.02.10-15.09.08:981][  0]LogAssetRegistry: FAssetRegistry took 0.0110 seconds to start up
[2017.02.10-15.09.09:177][  0]SourceControl: Info Source control is disabled
[2017.02.10-15.09.09:179][  0]SourceControl: Info Source control is disabled
[2017.02.10-15.09.09:194][  0]SourceControl: Info Source control is disabled
[2017.02.10-15.09.09:209][  0]SourceControl: Info Source control is disabled
[2017.02.10-15.09.09:500][  0]LogObj: 28633 objects as part of root set at end of initial load.
[2017.02.10-15.09.09:500][  0]LogUObjectAllocator: 6099744 out of 0 bytes used by permanent object pool.
[2017.02.10-15.09.09:554][  0]LogEngine: Initializing Engine...
[2017.02.10-15.09.09:561][  0]LogHMD: Can't find Oculus library dev build: is proper Runtime installed? Version: 0.8.0.0
[2017.02.10-15.09.09:562][  0]LogHMD: SteamVR failed to initialize.  Err: 110
[2017.02.10-15.09.09:709][  0]LogAIModule: Creating AISystem for world NewWorld
[2017.02.10-15.09.09:715][  0]LogInit: XAudio2 using 'Speakers (Realtek High Definition Audio)' : 2 channels at 48 kHz using 32 bits per sample (channel mask 0x3)
[2017.02.10-15.09.09:771][  0]LogInit: FAudioDevice initialized.
[2017.02.10-15.09.09:806][  0]LogDerivedDataCache: Saved boot cache 0.04s 41MB C:/Users/i7621680/AppData/Local/UnrealEngine/4.10/DerivedDataCache/Boot.ddc.
[2017.02.10-15.09.09:810][  0]LogInit: Texture streaming: Enabled
[2017.02.10-15.09.09:815][  0]LogAnalytics: Creating configured Analytics provider AnalyticsET
[2017.02.10-15.09.09:815][  0]LogAnalytics: [UEEditor.Rocket.Release] APIServer = http://et2.epicgames.com/ET2/. AppVersion = 4.10.4-2872498+++depot+UE4-Releases+4.10
[2017.02.10-15.09.09:815][  0]LogAnalytics: [UEEditor.Rocket.Release] SetUserId b73a0029473d57ccd85debaf88d88b98|a38bf4f29fce413cbce67a65c3bf7229|4bbe6168-86a5-414c-8f17-b42fbe35299e
[2017.02.10-15.09.09:815][  0]LogAnalytics: [UEEditor.Rocket.Release] AnalyticsET::StartSession
[2017.02.10-15.09.09:825][  0]LogInit: Transaction tracking system initialized
[2017.02.10-15.09.09:846][  0]BlueprintLog: New page: Editor Load
[2017.02.10-15.09.10:410][  0]LocalizationService: Info Localization service is disabled
[2017.02.10-15.09.10:561][  0]LogConsoleResponse:Display: 
[2017.02.10-15.09.10:675][  0]LogFileCache: Scanning file cache for directory 'C:/Users/i7621680/Unreal_Group_Project/group_project/UE4_Group_Project/MyProject/Content/' took 0.01s
[2017.02.10-15.09.10:675][  0]LogCook:Display: Done creating registry. It took  0.00s.
[2017.02.10-15.09.10:741][  0]SourceControl: Info Source control is disabled
[2017.02.10-15.09.10:741][  0]Cmd: MAP LOAD FILE="../../../Engine/Content/Maps/Templates/Template_Default.umap" TEMPLATE=1 SHOWPROGRESS=1 FEATURELEVEL=3
[2017.02.10-15.09.10:741][  0]LightingResults: New page: Lighting Build
[2017.02.10-15.09.10:744][  0]MapCheck: New page: Map Check
[2017.02.10-15.09.10:744][  0]LightingResults: New page: Lighting Build
[2017.02.10-15.09.10:753][  0]LogParticles: Destroying 0 GPU particle simulations for FXSystem 0x00000000244C2AC0
[2017.02.10-15.09.11:004][  0]LogAIModule: Creating AISystem for world Untitled_1
[2017.02.10-15.09.11:009][  0]LogEditorServer: Finished looking for orphan Actors (0.000 secs)
[2017.02.10-15.09.11:013][  0]Cmd: MAP CHECKDEP NOCLEARLOG
[2017.02.10-15.09.11:073][  0]MapCheck: Info Map check complete: 0 Error(s), 0 Warning(s), took 59.171ms to complete.
[2017.02.10-15.09.11:073][  0]LogFileHelpers: Loading map 'Template_Default' took 0.332
[2017.02.10-15.09.11:176][  0]LogCollectionManager: Loaded 0 collections in 0.001129 seconds
[2017.02.10-15.09.11:221][  0]LogFileCache: Scanning file cache for directory 'C:/Users/i7621680/Unreal_Group_Project/group_project/UE4_Group_Project/MyProject/Saved/Collections/' took 0.01s
[2017.02.10-15.09.11:221][  0]LogFileCache: Scanning file cache for directory 'C:/User